Vera Lúcia
\\Scielo-claudia\bin\Markup\markup.prg
12/07/99
14:31:52 

21301
Error. Recomendable salir del Marcación
clsIssueList
InsertIssue
********************************************************************************
Vera Lúcia
\\Scielo-claudia\bin\Markup\markup.prg
12/07/99
14:31:54 

21301
Error. Recomendable salir del Marcación
clsIssueList
InsertIssue
********************************************************************************
responsable
D:\c\github.com\scieloorg\PCPrograms\src\scielo\bin\markup_pmc\markup.prg
01/07/2011
08:38:39 

10102
ERRO. Recomendável sair da Marcação
AutoMacros
AutoOpen
********************************************************************************
responsable
D:\c\github.com\scieloorg\PCPrograms\src\scielo\bin\markup_pmc\markup.prg
01/07/2011
10:26:52 

10102
ERRO. Recomendável sair da Marcação
AutoMacros
AutoOpen
********************************************************************************
responsable
D:\c\github.com\scieloorg\PCPrograms\src\scielo\bin\markup_pmc\markup.prg
24/08/2011
11:24:32 

10102
ERRO. Recomendável sair da Marcação
AutoMacros
AutoOpen
********************************************************************************
responsable
D:\c\github.com\scieloorg\PCPrograms\src\scielo\bin\markup_pmc\markup.prg
09/09/2011
12:21:47 

10102
ERRO. Recomendável sair da Marcação
AutoMacros
AutoOpen
********************************************************************************
