***  Installation Started 02/03/10 16:40  ***
Title: SciELO Installation
Source: D:\c\svn.reddes.bvsalud.org\scielo-metodologia\pc_programs\trunk\src\install\wise\scielo-pc-programs-4.0.001.EXE
Made Dir: SciELO
Made Dir: SciELO\bin
Made Dir: SciELO\bin\cfg
File Copy: SciELO\bin\cfg\temp.txt
Made Dir: SciELO\bin\SGMLPars
File Copy: SciELO\bin\SGMLPars\art4_0.dtd
File Copy: SciELO\bin\SGMLPars\citation4_0.dtd
File Copy: SciELO\bin\SGMLPars\common4_0.dtd
File Copy: SciELO\bin\SGMLPars\text4_0.dtd
File Copy: SciELO\bin\SGMLPars\transl3_1.dtd
File Copy: SciELO\bin\cfg\Mx.exe
File Copy: SciELO\bin\cfg\configure_paths.bat
File Copy: SciELO\bin\SGMLPars\Wsock32.dll
File Copy: SciELO\bin\SGMLPars\Ws2help.dll
File Copy: SciELO\bin\SGMLPars\User32.dll
File Copy: SciELO\bin\SGMLPars\text3_1.dtd
File Copy: SciELO\bin\SGMLPars\text3_0.dtd
File Copy: SciELO\bin\SGMLPars\text1_0.dtd
File Copy: SciELO\bin\SGMLPars\Tabctl32.ocx
File Copy: SciELO\bin\SGMLPars\Sysinfo.ocx
File Copy: SciELO\bin\SGMLPars\Stdole2.tlb
File Copy: SciELO\bin\SGMLPars\St5unst.log
File Copy: SciELO\bin\SGMLPars\sp120.dll
File Copy: SciELO\bin\SGMLPars\SGMLPars.dll
File Copy: SciELO\bin\SGMLPars\Settings.cfg
File Copy: SciELO\bin\SGMLPars\ser3_0.dtd
File Copy: SciELO\bin\SGMLPars\ser2_0.dtd
File Copy: SciELO\bin\SGMLPars\ser1_0.dtd
File Copy: SciELO\bin\SGMLPars\Scielo.ico
File Copy: SciELO\bin\SGMLPars\Richtx32.ocx
File Copy: SciELO\bin\SGMLPars\Riched32.dll
File Copy: SciELO\bin\SGMLPars\parser.exe
File Copy: SciELO\bin\SGMLPars\Olepro32.dll
File Copy: SciELO\bin\SGMLPars\Oledlg.dll
File Copy: SciELO\bin\SGMLPars\Oleaut32.dll
File Copy: SciELO\bin\SGMLPars\Msvcrt40.dll
File Copy: SciELO\bin\SGMLPars\Msvcrt20.dll
File Copy: SciELO\bin\SGMLPars\Msvcrt.dll
File Copy: SciELO\bin\SGMLPars\Msvcirt.dll
File Copy: SciELO\bin\SGMLPars\Msvbvm50.dll
File Copy: SciELO\bin\SGMLPars\Mfc42.dll
File Copy: SciELO\bin\SGMLPars\Mfc40.dll
File Copy: SciELO\bin\SGMLPars\log.cfg
File Copy: SciELO\bin\SGMLPars\ISOtech.sgm
File Copy: SciELO\bin\SGMLPars\ISOpub.sgm
File Copy: SciELO\bin\SGMLPars\ISOnum.sgm
File Copy: SciELO\bin\SGMLPars\ISOlat2.sgm
File Copy: SciELO\bin\SGMLPars\ISOlat1.sgm
File Copy: SciELO\bin\SGMLPars\ISOgrk4.sgm
File Copy: SciELO\bin\SGMLPars\ISOgrk3.sgm
File Copy: SciELO\bin\SGMLPars\ISOgrk2.sgm
File Copy: SciELO\bin\SGMLPars\ISOgrk1.sgm
File Copy: SciELO\bin\SGMLPars\ISOdia.sgm
File Copy: SciELO\bin\SGMLPars\ISOcyr2.sgm
File Copy: SciELO\bin\SGMLPars\ISOcyr1.sgm
File Copy: SciELO\bin\SGMLPars\ISObox.sgm
File Copy: SciELO\bin\SGMLPars\ISOamsr.sgm
File Copy: SciELO\bin\SGMLPars\ISOamso.sgm
File Copy: SciELO\bin\SGMLPars\ISOamsn.sgm
File Copy: SciELO\bin\SGMLPars\ISOamsc.sgm
File Copy: SciELO\bin\SGMLPars\ISOamsb.sgm
File Copy: SciELO\bin\SGMLPars\ISOamsa.sgm
File Copy: SciELO\bin\SGMLPars\Ctl3d32.dll
File Copy: SciELO\bin\SGMLPars\common31.dtd
File Copy: SciELO\bin\SGMLPars\common3.dtd
File Copy: SciELO\bin\SGMLPars\common2.dtd
File Copy: SciELO\bin\SGMLPars\Comdlg32.ocx
File Copy: SciELO\bin\SGMLPars\Comctl32.ocx
File Copy: SciELO\bin\SGMLPars\Comcat.dll
File Copy: SciELO\bin\SGMLPars\Co2c40en.dll
File Copy: SciELO\bin\SGMLPars\citation31.dtd
File Copy: SciELO\bin\SGMLPars\Asycfilt.dll
File Copy: SciELO\bin\SGMLPars\art3_1.dtd
File Copy: SciELO\bin\SGMLPars\art3_0.pts
File Copy: SciELO\bin\SGMLPars\art3_0.dtd
File Copy: SciELO\bin\SGMLPars\art2_0.dtd
File Copy: SciELO\bin\SGMLPars\art1_1.dtd
File Copy: SciELO\bin\SGMLPars\art.dcl
File Copy: SciELO\bin\scielo_paths.example.ini
Made Dir: SciELO\xml_scielo
Made Dir: SciELO\xml_scielo\proc
Made Dir: SciELO\xml_scielo\proc\general
Made Dir: SciELO\xml_scielo\proc\general\temp
File Copy: SciELO\xml_scielo\proc\general\temp\donotdelete.txt
Made Dir: SciELO\xml_scielo\proc\general\log
File Copy: SciELO\xml_scielo\proc\general\log\donotdelete.txt
Made Dir: SciELO\xml_scielo\proc\cisis
File Copy: SciELO\xml_scielo\proc\cisis\wxis.exe
File Copy: SciELO\xml_scielo\proc\cisis\Mx.exe
File Copy: SciELO\xml_scielo\proc\GenerateXML_PubMed.bat
File Copy: SciELO\xml_scielo\proc\GenerateXML_ISI.bat
File Copy: SciELO\xml_scielo\proc\GenerateXML_all.bat
Made Dir: SciELO\xml_scielo\proc\general\xsl
File Copy: SciELO\xml_scielo\proc\general\xsl\PubMed_Link.xsl
File Copy: SciELO\xml_scielo\proc\general\xsl\PubMed.xsl
File Copy: SciELO\xml_scielo\proc\general\xsl\ISI_validator.xsl
File Copy: SciELO\xml_scielo\proc\general\xsl\ISI_DATA.xsl
File Copy: SciELO\xml_scielo\proc\general\xsl\ISI.xsl
File Copy: SciELO\xml_scielo\proc\general\xmessage.txt
Made Dir: SciELO\xml_scielo\proc\general\xis
File Copy: SciELO\xml_scielo\proc\general\xis\xml_scielo_getXSL.xis
File Copy: SciELO\xml_scielo\proc\general\xis\xml_scielo_articles.xis
File Copy: SciELO\xml_scielo\proc\general\sep.txt
Made Dir: SciELO\xml_scielo\proc\general\scripts
File Copy: SciELO\xml_scielo\proc\general\scripts\validateXML.bat
File Copy: SciELO\xml_scielo\proc\general\scripts\transformByPHP.bat
File Copy: SciELO\xml_scielo\proc\general\scripts\transformByJava.bat
File Copy: SciELO\xml_scielo\proc\general\scripts\transform.bat
File Copy: SciELO\xml_scielo\proc\general\scripts\transfer.bat
File Copy: SciELO\xml_scielo\proc\general\scripts\mainGenerateXML.bat
File Copy: SciELO\xml_scielo\proc\general\scripts\generateXML.bat
File Copy: SciELO\xml_scielo\proc\general\scripts\generateCalls.bat
File Copy: SciELO\xml_scielo\proc\general\scripts\displayErrors.bat
File Copy: SciELO\xml_scielo\proc\general\scripts\applyXSL.bat
Made Dir: SciELO\xml_scielo\proc\general\schema
File Copy: SciELO\xml_scielo\proc\general\schema\Untitled4.dtd
File Copy: SciELO\xml_scielo\proc\general\schema\Untitled3.dtd
File Copy: SciELO\xml_scielo\proc\general\schema\ISOlat1.sgm
File Copy: SciELO\xml_scielo\proc\general\schema\isi.dtd
Made Dir: SciELO\xml_scielo\proc\general\prc
File Copy: SciELO\xml_scielo\proc\general\prc\tipo_h_pubmed.prc
Made Dir: SciELO\xml_scielo\proc\general\php
File Copy: SciELO\xml_scielo\proc\general\php\xml_xsl.php
File Copy: SciELO\xml_scielo\proc\general\php\XML.php
File Copy: SciELO\xml_scielo\proc\general\php\entities.php
File Copy: SciELO\xml_scielo\proc\general\php\class.XSLTransformer41.php
Instalação abortada!
User Rights: Admin
