 %% PLEASE DO NOT MODIFY OR DELETE THIS FILE! %% 
 %% This file contains information about the installation of an application. %% 
 %% It will be used to automatically remove all application components from your computer if you choose to do so. %% 


NOTE: Beginning of the bootstrapper section

CONFIG: Title: "SciELO SGML Parser"

ACTION: TempFile: "C:\WINDOWS\partsetp.exe"
(File was not found or was an older version -- new file copied)

ACTION: RegKey: "HKEY_LOCAL_MACHINE\SOFTWARE\Microsoft\Windows\CurrentVersion", "SharedDLLs"

ACTION: SharedFile: "C:\WINDOWS\SYSTEM\VB5StKit.dll"
(File currently on disk was already up to date)

ACTION: SystemFile: "C:\WINDOWS\SYSTEM\MSVBVM50.dll"
(File currently on disk was already up to date)

ACTION: SystemFile: "C:\WINDOWS\SYSTEM\StdOle2.tlb"
(File currently on disk was already up to date)

ACTION: SystemFile: "C:\WINDOWS\SYSTEM\OleAut32.dll"
(File currently on disk was already up to date)

ACTION: SystemFile: "C:\WINDOWS\SYSTEM\OlePro32.dll"
(File currently on disk was already up to date)

ACTION: SystemFile: "C:\WINDOWS\SYSTEM\AsycFilt.dll"
(File currently on disk was already up to date)

NOTE: The file 'Ctl3d32.dll' was not copied because it is intended for use under Windows NT 3.51 only.  It is not needed under Windows 95 or NT 4.0.

ACTION: SystemFile: "C:\WINDOWS\SYSTEM\ComCat.dll"
(File currently on disk was already up to date)

ACTION: DllSelfRegister: "C:\WINDOWS\SYSTEM\MSVBVM50.dll"

ACTION: TLBRegister: "C:\WINDOWS\SYSTEM\StdOle2.tlb"

ACTION: DllSelfRegister: "C:\WINDOWS\SYSTEM\OleAut32.dll"

ACTION: DllSelfRegister: "C:\WINDOWS\SYSTEM\OlePro32.dll"

ACTION: DllSelfRegister: "C:\WINDOWS\SYSTEM\ComCat.dll"

NOTE: End of the bootstrapper section

NOTE: Now spawning the main Setup program 'C:\WINDOWS\partsetp.exe'....

ACTION: ShellFolder: "SciELO"

ACTION: SharedFile: "C:\scielo\Bin\SGMLPars\SGMLPars.dll"
(File was not found or was an older version -- new file copied)

ACTION: SharedFile: "C:\WINDOWS\SYSTEM\COMDLG32.OCX"
(File currently on disk was already up to date)

ACTION: SharedFile: "C:\WINDOWS\SYSTEM\RICHTX32.OCX"
(File currently on disk was already up to date)

ACTION: PrivateFile: "C:\scielo\Bin\SGMLPars\parser.exe"
(File was not found or was an older version -- new file copied)

ACTION: SystemFile: "C:\WINDOWS\SYSTEM\RichEd32.dll"
(File currently on disk was already up to date)

ACTION: SharedFile: "C:\WINDOWS\SYSTEM\WSOCK32.DLL"
(File currently on disk was already up to date)

ACTION: SharedFile: "C:\WINDOWS\SYSTEM\MFC42.DLL"
(File currently on disk was already up to date)

ACTION: SharedFile: "C:\WINDOWS\SYSTEM\MSVCIRT.DLL"
(File currently on disk was already up to date)

ACTION: SharedFile: "C:\WINDOWS\SYSTEM\MSVCRT.DLL"
(File currently on disk was already up to date)

ACTION: SharedFile: "C:\WINDOWS\SYSTEM\USER32.DLL"
(File currently on disk was already up to date)

*** ERROR: C:\WINDOWS\SYSTEM\KERNEL32.DLL
*** ERROR: An access violation occurred while copying the file.
*** ERROR: (User Responded with 'Ignore')
*** DURING THIS ACTION: SharedFile: "C:\WINDOWS\SYSTEM\KERNEL32.DLL"

*** ERROR: C:\WINDOWS\SYSTEM\KERNEL32.DLL
*** ERROR: An access violation occurred while copying the file.
*** ERROR: If you ignore a copy error, the file will not be copied.  The application may not function properly as a result.  Do you want to ignore the error?
*** ERROR: (User Responded with 'Yes')
*** DURING THIS ACTION: SharedFile: "C:\WINDOWS\SYSTEM\KERNEL32.DLL"

ACTION: PrivateFile: "C:\scielo\Bin\SGMLPars\art1_1.dtd"
(File was not found or was an older version -- new file copied)

ACTION: PrivateFile: "C:\scielo\Bin\SGMLPars\art.dcl"
(File was not found or was an older version -- new file copied)

ACTION: PrivateFile: "C:\scielo\Bin\SGMLPars\art2_0.dtd"
(File was not found or was an older version -- new file copied)

ACTION: PrivateFile: "C:\scielo\Bin\SGMLPars\ISOtech.sgm"
(File was not found or was an older version -- new file copied)

ACTION: PrivateFile: "C:\scielo\Bin\SGMLPars\ISOamsa.sgm"
(File was not found or was an older version -- new file copied)

ACTION: PrivateFile: "C:\scielo\Bin\SGMLPars\ISOamsb.sgm"
(File was not found or was an older version -- new file copied)

ACTION: PrivateFile: "C:\scielo\Bin\SGMLPars\ISOamsc.sgm"
(File was not found or was an older version -- new file copied)

ACTION: PrivateFile: "C:\scielo\Bin\SGMLPars\ISOamsn.sgm"
(File was not found or was an older version -- new file copied)

ACTION: PrivateFile: "C:\scielo\Bin\SGMLPars\ISOamso.sgm"
(File was not found or was an older version -- new file copied)

ACTION: PrivateFile: "C:\scielo\Bin\SGMLPars\ISOamsr.sgm"
(File was not found or was an older version -- new file copied)

ACTION: PrivateFile: "C:\scielo\Bin\SGMLPars\ISObox.sgm"
(File was not found or was an older version -- new file copied)

ACTION: PrivateFile: "C:\scielo\Bin\SGMLPars\ISOcyr1.sgm"
(File was not found or was an older version -- new file copied)

ACTION: PrivateFile: "C:\scielo\Bin\SGMLPars\ISOcyr2.sgm"
(File was not found or was an older version -- new file copied)

ACTION: PrivateFile: "C:\scielo\Bin\SGMLPars\ISOdia.sgm"
(File was not found or was an older version -- new file copied)

ACTION: PrivateFile: "C:\scielo\Bin\SGMLPars\ISOgrk1.sgm"
(File was not found or was an older version -- new file copied)

ACTION: PrivateFile: "C:\scielo\Bin\SGMLPars\ISOgrk2.sgm"
(File was not found or was an older version -- new file copied)

ACTION: PrivateFile: "C:\scielo\Bin\SGMLPars\ISOgrk3.sgm"
(File was not found or was an older version -- new file copied)

ACTION: PrivateFile: "C:\scielo\Bin\SGMLPars\ISOgrk4.sgm"
(File was not found or was an older version -- new file copied)

ACTION: PrivateFile: "C:\scielo\Bin\SGMLPars\ISOlat1.sgm"
(File was not found or was an older version -- new file copied)

ACTION: PrivateFile: "C:\scielo\Bin\SGMLPars\ISOlat2.sgm"
(File was not found or was an older version -- new file copied)

ACTION: PrivateFile: "C:\scielo\Bin\SGMLPars\ISOnum.sgm"
(File was not found or was an older version -- new file copied)

ACTION: PrivateFile: "C:\scielo\Bin\SGMLPars\ISOpub.sgm"
(File was not found or was an older version -- new file copied)

ACTION: SharedFile: "C:\scielo\Bin\SGMLPars\sp120.dll"
(File was not found or was an older version -- new file copied)

ACTION: PrivateFile: "C:\scielo\Bin\SGMLPars\art3_0.dtd"
(File was not found or was an older version -- new file copied)

ACTION: PrivateFile: "C:\scielo\Bin\SGMLPars\common2.dtd"
(File was not found or was an older version -- new file copied)

ACTION: PrivateFile: "C:\scielo\Bin\SGMLPars\common3.dtd"
(File was not found or was an older version -- new file copied)

ACTION: PrivateFile: "C:\scielo\Bin\SGMLPars\ser1_0.dtd"
(File was not found or was an older version -- new file copied)

ACTION: PrivateFile: "C:\scielo\Bin\SGMLPars\ser2_0.dtd"
(File was not found or was an older version -- new file copied)

ACTION: PrivateFile: "C:\scielo\Bin\SGMLPars\ser3_0.dtd"
(File was not found or was an older version -- new file copied)

ACTION: PrivateFile: "C:\scielo\Bin\SGMLPars\text1_0.dtd"
(File was not found or was an older version -- new file copied)

ACTION: PrivateFile: "C:\scielo\Bin\SGMLPars\text3_0.dtd"
(File was not found or was an older version -- new file copied)

ACTION: PrivateFile: "C:\scielo\Bin\SGMLPars\log.cfg"
(File was not found or was an older version -- new file copied)

ACTION: PrivateFile: "C:\scielo\Bin\SGMLPars\Settings.cfg"
(File was not found or was an older version -- new file copied)

ACTION: DllSelfRegister: "C:\WINDOWS\SYSTEM\COMDLG32.OCX"

ACTION: DllSelfRegister: "C:\WINDOWS\SYSTEM\RICHTX32.OCX"

ACTION: DllSelfRegister: "C:\WINDOWS\SYSTEM\MFC42.DLL"

ACTION: ShellLink: "SciELO", "SGML Parser"

ACTION: RegKey: "HKEY_LOCAL_MACHINE\SOFTWARE\Microsoft\Windows\CurrentVersion", "App Paths\parser.exe"

ACTION: RegValue: "HKEY_LOCAL_MACHINE\SOFTWARE\Microsoft\Windows\CurrentVersion\App Paths\parser.exe", ""

