Renato Toshiyuki Murasaki
C:\SciELO\Bin\Markup\markup.prg
22/04/99
08:46:57 

10103
ERRO. Recomendável sair da Marcação
AutoMacros
Delete_AddIn
********************************************************************************
Renato Toshiyuki Murasaki
C:\SciELO\Bin\Markup\markup.prg
22/04/99
08:47:26 

10103
ERRO. Recomendável sair da Marcação
AutoMacros
Delete_AddIn
********************************************************************************
Renato Toshiyuki Murasaki
C:\SciELO\Bin\Markup\markup.prg
22/04/99
08:51:06 

10103
ERRO. Recomendável sair da Marcação
AutoMacros
Delete_AddIn
********************************************************************************
Cristiane
C:\SciELO\Bin\Markup\markup.prg
22/04/99
15:00:18 

10103
Error. Recomendable salir del Marcación
AutoMacros
Delete_AddIn
********************************************************************************
Cristiane
C:\SciELO\Bin\Markup\markup.prg
22/04/99
15:00:59 

10103
ERRO. Recomendável sair da Marcação
AutoMacros
Delete_AddIn
********************************************************************************
Cristiane
C:\SciELO\Bin\Markup\markup.prg
22/04/99
15:02:43 

10103
ERRO. Recomendável sair da Marcação
AutoMacros
Delete_AddIn
********************************************************************************
Cristiane
C:\SciELO\Bin\Markup\markup.prg
22/04/99
15:06:34 

10202
ERRO. Recomendável sair da Marcação
MainModule
SubStartMarkup
********************************************************************************
Cristiane
C:\SciELO\Bin\Markup\markup.prg
22/04/99
15:07:08 

10103
ERRO. Recomendável sair da Marcação
AutoMacros
Delete_AddIn
********************************************************************************
responsable
C:\SciELO\Bin\Markup\markup.prg
29/06/99
12:09:37 

10103
Error. Recomendable salir del Marcación
AutoMacros
Delete_AddIn
********************************************************************************
responsable
C:\SciELO\Bin\Markup\markup.prg
29/06/99
12:20:35 

10103
Error. Recomendable salir del Marcación
AutoMacros
Delete_AddIn
********************************************************************************
responsable
C:\SciELO\Bin\Markup\markup.prg
29/06/99
12:56:47 

10103
Error. Recomendable salir del Marcación
AutoMacros
Delete_AddIn
********************************************************************************
responsable
C:\SciELO\Bin\Markup\markup.prg
29/06/99
13:09:04 

10103
Error. Recomendable salir del Marcación
AutoMacros
Delete_AddIn
********************************************************************************
responsable
D:\SciELO\project\Markup\files\markup.prg
15/07/99
19:43:24 

10103
Error. Recomendable salir de la Marcación
AutoMacros
Delete_AddIn
********************************************************************************
responsable
D:\SciELO\project\Markup\files\markup.prg
27/08/99
15:52:48 

10103
Error. Recomendable salir de la Marcación
AutoMacros
Delete_AddIn
********************************************************************************
responsable
D:\SciELO\project\Markup\files\markup.prg
27/08/99
16:15:32 

10103
Error. Recomendable salir de la Marcación
AutoMacros
Delete_AddIn
********************************************************************************
responsable
D:\SciELO\project\Markup\files\markup.prg
27/08/99
16:23:50 

10103
Error. Recomendable salir de la Marcación
AutoMacros
Delete_AddIn
********************************************************************************
responsable
D:\SciELO\project\Markup\files\markup.prg
30/08/99
14:33:24 

10103
Error. Recomendable salir de la Marcación
AutoMacros
Delete_AddIn
********************************************************************************
responsable
D:\SciELO\project\Markup\files\markup.prg
30/08/99
14:37:56 

10103
Error. Recomendable salir de la Marcación
AutoMacros
Delete_AddIn
********************************************************************************
responsable
D:\SciELO\project\Markup\files\markup.prg
30/08/99
15:04:47 

10103
Error. Recomendable salir de la Marcación
AutoMacros
Delete_AddIn
********************************************************************************
responsable
D:\SciELO\project\Markup\files\markup.prg
24/11/99
12:18:17 

10103
Error. Exit on the Markup
AutoMacros
Delete_AddIn
********************************************************************************
