Responsible: Renato Toshiyuki Murasaki
System Date: 2/25/99 

File Name: C:\Scielo\bin\Markup\markup.prg
File Size Before (bytes):  0
File Size After (bytes):  2611200
Pages Number:  1 

References Number: 
Initial Time: 1:41:36 PM 
Final Time: 2:15:19 PM 
Markup Time:  0h  33min  43s
********************************************************************************Responsible: 
System Date: 3/1/99 

File Name: C:\Scielo\bin\Markup\markup.prg
File Size Before (bytes):  0
File Size After (bytes):  2811392
Pages Number:  6 

Responsible: Renato Toshiyuki Murasaki
System Date: 3/1/99 

File Name: C:\Scielo\bin\Markup\markup.prg
File Size Before (bytes):  0
File Size After (bytes):  2672128
Pages Number:  6 

References Number: 
Initial Time: 6:48:06 PM 
Final Time: 6:48:34 PM 
Markup Time:  0h  0min  28s
********************************************************************************
Responsible: Renato Toshiyuki Murasaki
System Date: 3/1/99 

File Name: C:\Scielo\bin\Markup\markup.prg
File Size Before (bytes):  0
File Size After (bytes):  2665984
Pages Number:  6 

References Number: 15
Initial Time: 7:08:39 PM 
Final Time: 7:17:00 PM 
Markup Time:  0h  8min  21s
********************************************************************************
Responsible: Renato Toshiyuki Murasaki
System Date: 3/1/99 

File Name: C:\Scielo\bin\Markup\markup.prg
File Size Before (bytes):  0
File Size After (bytes):  2631168
Pages Number:  1 

References Number: 
Initial Time: 8:33:52 PM 
Final Time: 8:35:46 PM 
Markup Time:  0h  1min  54s
********************************************************************************
