,""
aue,"Actas Urológicas Españolas"
ami,"Anales de Medicina Interna"
asisna,"Anales del Sistema Sanitario de Navarra"
aseo,"Archivos de la Sociedad Española de Oftalmología"
urol,"Archivos Españoles de Urología (Ed. impresa)"
odonto,"Avances en Odontoestomatología"
peri,"Avances en Periodoncia e Implantología Oral"
cpil,"Cirugía Plástica Ibero-Latinoamericana"
clinsa,"Clínica y Salud"
cmf,"Cuadernos de Medicina Forense"
edu,"Educación Médica"
gs,"Gaceta Sanitaria"
geroko,"Gerokomos"
index,"Index de Enfermería"
im,"International Microbiology"
medinte,"Medicina Intensiva"
medicor,"Medicina Oral, Patología Oral y Cirugía Bucal (Ed. impresa)"
medicorpa,"Medicina Oral, Patología Oral y Cirugía Bucal (Internet)"
mesetra,"Medicina y Seguridad del Trabajo"
medif,"Medifam"
neuro,"Neurocirugía"
nh,"Nutrición Hospitalaria"
onco,"Oncología (Barcelona)"
pharmacy,"Pharmacy Practice (Granada)"
rcoe,"RCOE"
rdb,"Revista de Diagnóstico Biológico"
neuropsiq,"Revista de la Asociación Española de Neuropsiquiatría"
nefro,"Revista de la Sociedad Española de Enfermería Nefrológica"
dolor,"Revista de la Sociedad Española del Dolor"
maxi,"Revista Española de Cirugía Oral y Maxilofacial"
diges,"Revista Española de Enfermedades Digestivas"
resp,"Revista Española de Salud Pública"
sanipe,"Revista Española de Sanidad Penitenciaria"
ejpen,"The European Journal of Psychiatry"
ejp,"The European journal of psychiatry (edición en español)"
pharmacin,"Pharmacy Practice (Internet)"
albacete,"Revista Clínica de Medicina de Familia"
inter,"Intervención Psicosocial"
rpto,"Revista de Psicología del Trabajo y de las Organizaciones"
pap,"Pediatría Atención Primaria"
eg,"Enfermería Global"
