,""
acb,"Acta Cirurgica Brasileira"
aabc,"Anais da Academia Brasileira de Ciências"
abmvz,"Arquivo Brasileiro de Medicina Veterinária e Zootecnia"
abc,"Arquivos Brasileiros de Cardiologia"
anp,"Arquivos de Neuro-Psiquiatria"
brag,"Bragantia"
bjce,"Brazilian Journal of Chemical Engineering"
bjg,"Brazilian Journal of Genetics"
bjmbr,"Brazilian Journal of Medical and Biological Research"
bjp,"Brazilian Journal of Physics"
bjvras,"Brazilian Journal of Veterinary Research and Animal Science"
ccedes,"Cadernos CEDES"
csp,"Cadernos de Saúde Pública"
ce,"Cerâmica"
ci,"Ciência da Informação"
cta,"Ciência e Tecnologia de Alimentos"
dados,"Dados"
delta,"DELTA: Documentação de Estudos em Lingüística Teórica e Aplicada"
eq,"Eclética Química"
es,"Educação & Sociedade"
ecler,"Endodontics"
gmb,"Genetics and Molecular Biology"
hcsm,"História, Ciências, Saúde"
iqen,"Informe Quincenal Epidemiológico Nacional"
jbchs,"Journal of the Brazilian Chemical Society"
jbcos,"Journal of the Brazilian Computer Society"
jvat,"Journal of Venomous Animals and Toxins"
mana,"Mana"
mr,"Materials Research"
mioc,"Memórias do Instituto Oswaldo Cruz"
pob,"Pesquisa Odontológica Brasileira"
pvb,"Pesquisa Veterinária Brasileira"
pusp,"Psicologia USP"
prc,"Psicologia: Reflexão e Crítica"
qn,"Química Nova"
rbb,"Revista Brasileira de Botânica"
rbcsoc,"Revista Brasileira de Ciências Sociais"
rbccv,"Revista Brasileira de Cirurgia Cardiovascular"
rbg,"Revista Brasileira de Geofísica"
rbh,"Revista Brasileira de História"
rbp,"Revista Brasileira de Psiquiatria"
ramb,"Revista da Associação Médica Brasileira"
rfe,"Revista da Faculdade de Educação"
rsbmt,"Revista da Sociedade Brasileira de Medicina Tropical"
ra,"Revista de Antropologia"
rm,"Revista de Microbiologia"
rousp,"Revista de Odontologia da Universidade de São Paulo"
rsp,"Revista de Saúde Pública"
rhc,"Revista do Hospital das Clínicas"
rimtsp,"Revista do Instituto de Medicina Tropical de São Paulo"
resp,"Revista Española de Salud Pública"
rpsp,"Revista Panamericana de Salud Pública"
spm,"Salud Pública de México"
spmj,"Sao Paulo Medical Journal"
sa,"Scientia Agricola"
rbbio,"Revista Brasileira de Biologia"
bjm,"Brazilian Journal of Microbiology"
po,"Polímeros"
bpaho,"Bulletin of the Pan American Health Organization"
bosp,"Boletín de la Oficina Sanitaria Panamericana"
bosps,"Boletín de la Oficina Sanitaria Panamericana. Suplemento"
bpsosi,"Boletín Panamericano de Sanidad de la Oficina Sanitaria Internacional"
afhspusp,"Arquivos da Faculdade de Higiene e Saúde Pública da Universidade de São Paulo"
rshp,"Revista de Sanidad e Higiene Publica"
jbsms,"Journal of the Brazilian Society of Mechanical Sciences"
pab,"Pesquisa Agropecuária Brasileira"
epsic,"Estudos de Psicologia (Natal)"
