Ningun,
AD,"Andorra"
AE,"Emiratos Arabes Unidos"
AF,"Afganistán"
AG,"Antigua"
AL,"Albania"
AN,"Antillas Neerlandesas"
AO,"Angola"
AQ,"Antarctica"
AR,"Argentina"
AS,"Samoa Americana"
AT,"Austria"
AU,"Australia"
BB,"Barbados"
BD,"Bangladesh"
BE,"Bélgica"
BG,"Bulgaria"
BH,"Bahrein"
BI,"Burundi"
BM,"Bermudas"
BN,"Brunei"
BO,"Bolivia"
BR,"Brasil"
BS,"Bahamas"
BT,"Bután"
BU,"Birmania"
BV,"Isla Bouvet"
BW,"Botswana"
BY,"RSS de Bielorrusia"
BZ,"Bélice"
CA,"Canadá"
CF,"República Centroáfrica"
CG,"Congo"
CH,"Suiza"
CI,"Costa de Marfil"
CL,"Chile"
CM,"Camerún"
CN,"China"
CO,"Colombia"
CR,"Costa Rica"
CS,"Checoslovaquia"
CU,"Cuba"
CV,"Islas de Cabo Verde"
CY,"Chipre"
DD,"Alemania, Rep Democrática"
DE,"Alemania, Rep Federal"
DK,"Dinamarca"
DO,"República Dominicana"
DZ,"Argelia"
EC,"Ecuador"
EG,"Egipto"
EH,"Sahara Occidental"
ES,"España"
ET,"Etiopía"
FI,"Finlandia"
FJ,"Fiji"
FK,"Islas Malvinas (Falkland)"
FR,"Francia"
GA,"Gabón"
GB,"Reino Unido"
GC,"Guinea Ecuatorial"
GD,"Granada"
GF,"Guiana Francesa"
GH,"Ghana"
GI,"Gibraltar"
GL,"Groenlandia"
GN,"Guinea"
GP,"Guadalupe"
GR,"Grecia"
GT,"Guatemala"
GU,"Guam"
GW,"Guinea Bissau"
GY,"Guyana"
HK,"Hong Kong"
HN,"Honduras"
HT,"Haití"
HU,"Hungría"
HV,"Alto Volta"
ID,"Indonesia"
IE,"Irlanda"
IL,"Israel"
IN,"India"
IQ,"Irak"
IR,"Irán"
IS,"Islandia"
IT,"Italia"
JM,"Jamaica"
JO,"Jordania"
JP,"Japón"
KD,"Korea, Democratic People's "
KE,"Kenia"
KH,"Kampuchea Democrática"
KM,"Islas Comoras"
KP,"Corea, República Democrática Popular"
KR,"Corea, República de"
KW,"Kuwait"
KY,"Islas Caimán"
LA,"Laos"
LB,"Líbano"
LC,"Santa Lucía"
LD,"Lao People's Democratic "
LI,"Liechtenstein"
LK,"Sri Lanka"
LR,"Liberia"
LS,"Lesotho"
LU,"Luxemburgo"
LY,"Libia"
MA,"Marruecos"
MC,"Mónaco"
MG,"Madagascar"
MI,"Islas Midway"
ML,"Malí"
MN,"Mongolia"
MO,"Macao"
MQ,"Martinica"
MR,"Mauritania"
MS,"Montserrat"
MT,"Malta"
MU,"Mauricio"
MV,"Maldivas"
MW,"Malawi"
MX,"México"
MY,"Malasia"
MZ,"Mozambique"
NA,"Namibia"
NC,"Nueva Caledonia"
NE,"Níger"
NF,"Isla Norfolk"
NG,"Nigeria"
NH,"Nuevas Hébridas"
NI,"Nicaragua"
NL,"Países Bajos"
NO,"Noruega"
NP,"Nepal"
NQ,"Terra de Maud Dronning"
NR,"Nauru"
NU,"Isla Niue"
NZ,"Nueva Zelandia"
OM,"Omán"
PA,"Panamá"
PC,"Islas del Pacífico (Territorio en fideicomiso)"
PE,"Perú"
PF,"Polinesia Francesa"
PG,"Papua Nueva Guinea"
PH,"Filipinas"
PK,"Pakistán"
PL,"Polonia"
PM,"S. Pedro y Miguelón"
PN,"Islas Pitcairn"
PR,"Puerto Rico"
PT,"Portugal"
PU,"Islas diversas del Pacífico (US)"
PY,"Paraguay"
QA,"Qatar"
RE,"Reunión"
RO,"Rumania"
RW,"Rwanda"
SA,"Arabia Saudita"
SB,"Islas Salomón Británico"
SC,"Seychelles"
SD,"Sudán"
SE,"Suecia"
SG,"Singapur"
SH,"Santa Elena"
SJ,"Islas Svalbard y Jan Mayen"
SK,"Sikkim"
SL,"Sierra Leona"
SM,"San Marino"
SN,"Senegal"
SO,"Somalía"
SR,"Suriname"
ST,"Sto. Tomé y Príncipe"
SU,"URSS"
SV,"El Salvador"
SY,"Siria"
SZ,"Swazilandia"
TC,"Islas Turcos y Caicos"
TD,"Chad"
TG,"Togo"
TH,"Tailandia"
TK,"Islas Tokelau"
TN,"Túnez"
TO,"Tonga"
TR,"Turquía"
TT,"Trinidad y Tobago"
TW,"Taiwán"
TZ,"Tanzania, Rep. Unida"
UA,"RSS de Ucrania"
UG,"Uganda"
UP,"United States Pacific"
US,"Estados Unidos"
UY,"Uruguay"
VA,"Ciudad del Vaticano"
VC,"San Vicente"
VE,"Venezuela"
VG,"Islas Vírgenes Británicas"
VN,"Vietnam"
VU,"Vanuatu"
WF,"Islas Wallis y Futuna"
WK,"Isla Wake"
WS,"Samoa Ocidental"
YD,"Yemen Democrático"
YE,"Yemen"
YU,"Yugoslavia"
ZA,"Sudáfrica"
ZM,"Zambia"
ZR,"Zaire"
CC,"Islas Cocos (Keeling)"
CK,"Islas Cook"
CT,"Islas Canton y Enderbury"
CX,"Isla de Navidad"
DM,"Dominica"
FO,"Islas Feroe"
HM,"Islas Heard y Mc Donald"
JT,"Isla Johnston"
KN,"San Cristóbal-Nieves-Anguila"
