None,
AF,"Afghanistan"
AL,"Albania"
DZ,"Algeria"
AS,"American Samoa"
AD,"Andorra"
AO,"Angola"
AQ,"Antarctica"
AG,"Antigua"
AR,"Argentina"
AU,"Australia"
AT,"Austria"
BS,"Bahamas"
BH,"Bahrain"
BD,"Bangladesh"
BB,"Barbados"
BE,"Belgium"
BZ,"Belize"
BM,"Bermuda"
BT,"Bhutan"
BO,"Bolivia"
BW,"Botswana"
BV,"Bouvet Island"
BR,"Brazil"
VG,"British Virgin Islands"
BN,"Brunei"
BG,"Bulgaria"
BU,"Burma"
BI,"Burundi"
BY,"Byelorussian RSS"
CM,"Cameroon"
CA,"Canada"
CV,"Cape Verde"
CF,"Central African Rep."
TD,"Chad"
CL,"Chile"
CN,"China"
CO,"Colombia"
CG,"Congo"
CR,"Costa Rica"
CU,"Cuba"
CY,"Cyprus"
CS,"Czechoslovakia"
DK,"Denmark"
DM,"Dominica"
DO,"Dominican Republic"
NQ,"Dronning Maud Land"
EC,"Ecuador"
EG,"Egypt"
SV,"El Salvador"
ET,"Ethiopia"
FK,"Falkland Islands(Malvinas)"
FJ,"Fiji"
FI,"Filand"
FR,"France"
GF,"French Guiana"
PF,"French Polynesia"
GA,"Gabon"
DD,"German Democratic Republic"
DE,"Germany, Federal Republic"
GH,"Ghana"
GI,"Gibraltar"
GR,"Greece"
GL,"Greenland"
GD,"Grenada"
GP,"Guadeloupe"
GU,"Guam"
GT,"Guatemala"
GC,"Guinea Ecuatorial"
GN,"Guinea"
GW,"Guinea-Bissau"
GY,"Guyana"
HT,"Haiti"
HN,"Honduras"
HK,"Hong Kong"
HU,"Hungary"
IS,"Iceland"
IN,"India"
ID,"Indonesia"
IR,"Iran"
IQ,"Iraq"
IE,"Ireland"
CX,"Isla de Navidad"
JT,"Isla Johnston"
NU,"Isla Niue"
WK,"Isla Wake"
PU,"Islands Miscellaneous"
CT,"Islas Canton y Enderbury"
CC,"Islas Cocos (Keeling)"
CK,"Islas Cook"
FO,"Islas Feroe"
HM,"Islas Heard y Mc Donald"
MI,"Islas Midway"
PN,"Islas Pitcairn"
SB,"Islas Salomón Británico"
SJ,"Islas Svalbard y Jan Mayen"
TK,"Islas Tokelau"
WF,"Islas Wallis y Futuna"
IL,"Israel"
IT,"Italy"
YU,"Iugoslavia"
CI,"Ivory Coast"
JM,"Jamaica"
JP,"Japan"
JO,"Jordan"
KM,"Kamoras Islands"
KH,"Kampuchea Democrática"
KY,"Kayman Islands"
KE,"Kenya"
KD,"Korea, Democratic People's "
KP,"Korea, Democratic People's"
KR,"Korea, Republic of"
KW,"Kuwait"
LD,"Lao People's Democratic "
LB,"Lebanon"
LS,"Lesotho"
LR,"Liberia"
LY,"Libyan"
LI,"Liechtenstein"
LU,"Luxembourg"
MO,"Macau"
MG,"Madagascar"
MW,"Malawi"
MY,"Malaysia"
MV,"Maldivas"
ML,"Mali"
MT,"Malta"
MQ,"Martinique"
MR,"Mauritania"
MU,"Mauritius"
MX,"Mexico"
MC,"Monaco"
MN,"Mongolia"
MS,"Montserrat"
MA,"Morocco"
MZ,"Mozambique"
NA,"Namibia"
NR,"Nauru"
NP,"Nepal"
NL,"Netherlands"
AN,"Netherlands Antilles"
NC,"New Caledonia"
NZ,"New Zealand"
NI,"Nicaragua"
NE,"Niger"
NG,"Nigeria"
NF,"Norfolk Island"
NO,"Norway"
NH,"Nuevas Hébridas"
OM,"Oman"
PC,"Pacific Islands"
PK,"Pakistan"
PA,"Panama"
PG,"Papua New Guinea"
PY,"Paraguay"
PE,"Peru"
PH,"Philippines"
PL,"Poland"
PT,"Portugal"
PR,"Puerto Rico"
QA,"Qatar"
LA,"Republic"
RE,"Réunion"
RO,"Romania"
RW,"Rwanda"
PM,"S. Pedro y Miguelón"
LC,"Saint Lucia"
VC,"Saint Vincent"
WS,"Samoa"
KN,"San Cristóbal-Nieves-Anguila"
SM,"San Marino"
ST,"Sao Tome and Principe"
SA,"Saudi Arabia"
SC,"Seichelles"
SN,"Senegal"
SL,"Sierra Leone"
SK,"Sikkim"
SG,"Singapur"
SO,"Somalia"
ZA,"South Africa"
ES,"Spain"
LK,"Sri Lanka"
SH,"St. Helena"
SD,"Sudan"
SR,"Suriname"
SZ,"Swaziland"
SE,"Sweden"
CH,"Switzerland"
SY,"Syrian Arab Republic"
TW,"Taiwan"
TZ,"Tanzania"
TH,"Thailand"
TG,"Togo"
TO,"Tonga"
TT,"Trinidad and Tobago"
TN,"Tunisia"
TR,"Turkey"
TC,"Turks and Caicos Islands"
UG,"Uganda"
UA,"Ukrainian RSS"
AE,"United Arab Emirates"
GB,"United Kingdom"
US,"United States"
UP,"United States Pacific"
HV,"Upper Volta"
SU,"URSS"
UY,"Uruguay"
VU,"Vanuatu"
VA,"Vatican City State"
VE,"Venezuela"
VN,"Viet Nam"
EH,"Western Sahara"
YE,"Yemen"
YD,"Yemen, Democratic"
ZR,"Zaire"
ZM,"Zambia"
