Nenhum,
AF,"Afeganistão"
ZA,"Africa do Sul"
AL,"Albânia"
DD,"Alemanha, R. Democrát."
DE,"Alemanha, R. Federal"
HV,"Alto Volta"
AD,"Andorra"
AO,"Angola"
AQ,"Antártida"
AG,"Antígua"
AN,"Antilhas Holandesas"
SA,"Arábia Saudita"
DZ,"Argélia"
AR,"Argentina"
AU,"Austrália"
AT,"Austria"
BS,"Bahamas"
BD,"Bangladesh"
BB,"Barbados"
BH,"Barém"
BE,"Bélgica"
BZ,"Belice"
BM,"Bermudas"
BU,"Birmânia"
BO,"Bolívia"
BW,"Botsuana"
BR,"Brasil"
BN,"Brunei"
BG,"Bulgária"
BI,"Burundi"
BT,"Butão"
CM,"Camarões"
CA,"Canadá"
QA,"Catar"
TD,"Chade"
CL,"Chile"
CN,"China"
CY,"Chipre"
VA,"Cidade do Vaticano"
CO,"Colômbia"
CG,"Congo"
KR,"Coréia"
KP,"Coréia, R. D. Popular"
CI,"Costa de Marfin"
CR,"Costa Rica"
KW,"Coveite"
CU,"Cuba"
DK,"Dinamarca"
DM,"Dominica"
EG,"Egito"
SV,"El Salvador"
AE,"Emirados Arábes Unidos"
EC,"Equador"
ES,"Espanha"
US,"Estados Unidos"
ET,"Etiópia"
FJ,"Fiji"
FI,"Filândia"
PH,"Filipinas"
TW,"Formosa"
FR,"França"
GA,"Gabão"
GH,"Gana"
GI,"Gibraltar"
GD,"Granada"
GR,"Grécia"
GL,"Groenlândia"
GP,"Guadalupe"
GU,"Guam"
GT,"Guatemala"
GY,"Guiana"
GF,"Guiana Francesa"
GN,"Guiné"
GW,"Guiné Bissau"
GC,"Guiné Equatorial"
HT,"Haiti"
HN,"Honduras"
HK,"Hong Kong"
HU,"Hungria"
YE,"Iêmen"
YD,"Iêmen Democrático"
BV,"Ilha Bouvet"
NF,"Ilha Norfolk"
KY,"Ilhas Caimã"
KM,"Ilhas Comoras"
CV,"Ilhas do Cabo Verde"
PC,"Ilhas do Pacífico"
PU,"Ilhas do Pacífico (US)"
FK,"Ilhas Malvinas (Falkl.)"
TC,"Ilhas Turcas e Caicos"
VG,"Ilhas Virgens Britân."
IN,"India"
ID,"Indonésia"
IR,"Irã"
IQ,"Iraque"
IE,"Irlanda"
CX,"Isla de Navidad"
JT,"Isla Johnston"
NU,"Isla Niue"
WK,"Isla Wake"
IS,"Islândia"
CT,"Islas Canton y Enderbury"
CC,"Islas Cocos (Keeling)"
CK,"Islas Cook"
FO,"Islas Feroe"
HM,"Islas Heard y Mc Donald"
MI,"Islas Midway"
PN,"Islas Pitcairn"
SB,"Islas Salomón Británico"
SJ,"Islas Svalbard y Jan Mayen"
TK,"Islas Tokelau"
WF,"Islas Wallis y Futuna"
IL,"Israel"
IT,"Itália"
YU,"Iugoslávia"
JM,"Jamaica"
JP,"Japão"
JO,"Jordânia"
KH,"Kampuchea Democrática"
KD,"Korea, Democratic People's "
LD,"Lao People's Democratic "
LA,"Laos"
LS,"Lesoto"
LB,"Líbano"
LR,"Liberia"
LY,"Líbia"
LI,"Liechtenstein"
LU,"Luxemburgo"
MO,"Macao"
MG,"Madagascar"
MY,"Malásia"
MW,"Malavi"
MV,"Maldivas"
ML,"Mali"
MT,"Malta"
MA,"Marrócos"
MQ,"Martinica"
MU,"Maurício"
MR,"Mauritânia"
MX,"México"
MZ,"Moçambique"
MC,"Monaco"
MN,"Mongólio"
MS,"Monte Serrat"
NA,"Namíbia"
NR,"Nauru"
NP,"Nepal"
NI,"Nicarágua"
NE,"Níger"
NG,"Nigéria"
NO,"Noruega"
NC,"Nova Caledônia"
NZ,"Nova Zelândia"
NH,"Novas Hébridas"
OM,"Omã"
NL,"Países Baixos"
PA,"Panamá"
PG,"Papua Nova Guiné"
PK,"Paquistão"
PY,"Paraguai"
PE,"Perú"
PF,"Polinésia Francesa"
PL,"Polônia"
PR,"Porto Rico"
PT,"Portugal"
KE,"Quênia"
GB,"Reino Unido"
CF,"Rep. Centro Africa"
DO,"República Dominicana"
RE,"Reunião"
RO,"Romênia"
BY,"RSS de Bielorrusia"
UA,"RSS de Ucrania"
RW,"Ruanda"
PM,"S. Pedro y Miguelón"
EH,"Saara Ocidental"
AS,"Samoa Americana"
WS,"Samoa Ocidental"
KN,"San Cristóbal-Nieves-Anguila"
SM,"San Marino"
SH,"Santa Elena"
LC,"Santa Lucia"
ST,"São Tomé e Príncipe"
VC,"São Vicente"
SC,"Seichelles"
SN,"Senegal"
SL,"Serra Leoa"
SK,"Sikkin"
SG,"Singapura"
SY,"Síria"
SO,"Somália"
LK,"Sri Lanka"
SZ,"Suazilândia"
SD,"Sudão"
SE,"Suécia"
CH,"Suiça"
SR,"Suriname"
TH,"Tailândia"
TZ,"Tanzânia"
CS,"Tchecollovaquia"
NQ,"Terra de Maud Dronning"
TG,"Togo"
TO,"Tonga"
TT,"Trinidad e Tobago"
TN,"Tunísia"
TR,"Turquia"
UG,"Uganda"
UP,"United States Pacific"
SU,"URSS"
UY,"Uruguai"
VU,"Vanuatu"
VE,"Venezuela"
VN,"Vietnã"
ZR,"Zaire"
ZM,"Zâmbia"
